[0.009s] Invoking command in '/home/airlab/OCP/build/path_planner': CMAKE_PREFIX_PATH=/opt/ros/humble /usr/bin/cmake /home/airlab/OCP/src/path_planner -DCMAKE_INSTALL_PREFIX=/home/airlab/OCP/install/path_planner
[0.053s] -- The C compiler identification is GNU 11.4.0
[0.099s] -- The CXX compiler identification is GNU 11.4.0
[0.105s] -- Detecting C compiler ABI info
[0.158s] -- Detecting C compiler ABI info - done
[0.167s] -- Check for working C compiler: /usr/bin/cc - skipped
[0.167s] -- Detecting C compile features
[0.168s] -- Detecting C compile features - done
[0.169s] -- Detecting CXX compiler ABI info
[0.233s] -- Detecting CXX compiler ABI info - done
[0.240s] -- Check for working CXX compiler: /usr/bin/c++ - skipped
[0.240s] -- Detecting CXX compile features
[0.241s] -- Detecting CXX compile features - done
[0.242s] -- Found ament_cmake: 1.3.11 (/opt/ros/humble/share/ament_cmake/cmake)
[0.376s] -- Found Python3: /usr/bin/python3 (found version "3.10.12") found components: Interpreter 
[0.452s] -- Found rclcpp: 16.0.11 (/opt/ros/humble/share/rclcpp/cmake)
[0.485s] -- Found rosidl_generator_c: 3.1.6 (/opt/ros/humble/share/rosidl_generator_c/cmake)
[0.488s] -- Found rosidl_adapter: 3.1.6 (/opt/ros/humble/share/rosidl_adapter/cmake)
[0.495s] -- Found rosidl_generator_cpp: 3.1.6 (/opt/ros/humble/share/rosidl_generator_cpp/cmake)
[0.506s] -- Using all available rosidl_typesupport_c: rosidl_typesupport_fastrtps_c;rosidl_typesupport_introspection_c
[0.520s] -- Using all available rosidl_typesupport_cpp: rosidl_typesupport_fastrtps_cpp;rosidl_typesupport_introspection_cpp
[0.557s] -- Found rmw_implementation_cmake: 6.1.2 (/opt/ros/humble/share/rmw_implementation_cmake/cmake)
[0.559s] -- Found rmw_fastrtps_cpp: 6.2.7 (/opt/ros/humble/share/rmw_fastrtps_cpp/cmake)
[0.631s] -- Found OpenSSL: /usr/lib/x86_64-linux-gnu/libcrypto.so (found version "3.0.2")  
[0.657s] -- Found FastRTPS: /opt/ros/humble/include  
[0.694s] -- Using RMW implementation 'rmw_fastrtps_cpp' as default
[0.700s] -- Looking for pthread.h
[0.762s] -- Looking for pthread.h - found
[0.763s] -- Performing Test CMAKE_HAVE_LIBC_PTHREAD
[0.821s] -- Performing Test CMAKE_HAVE_LIBC_PTHREAD - Success
[0.822s] -- Found Threads: TRUE  
[0.881s] -- Found sensor_msgs: 4.2.4 (/opt/ros/humble/share/sensor_msgs/cmake)
[0.949s] -- Found Boost: /usr/lib/x86_64-linux-gnu/cmake/Boost-1.74.0/BoostConfig.cmake (found suitable version "1.74.0", minimum required is "1.65.0") found components: system iostreams filesystem serialization 
[0.964s] -- Checking for module 'flann'
[0.975s] --   Found flann, version 1.9.1
[1.005s] -- Found FLANN: /usr/lib/x86_64-linux-gnu/libflann_cpp.so  
[1.005s] -- FLANN found (include: /usr/include, lib: /usr/lib/x86_64-linux-gnu/libflann_cpp.so)
[1.215s] -- Found OpenMP_CXX: -fopenmp (found version "4.5") 
[1.215s] -- Found OpenMP: TRUE (found version "4.5") found components: CXX 
[1.259s] -- Checking for module 'libusb-1.0'
[1.269s] --   Found libusb-1.0, version 1.0.25
[1.293s] -- Found libusb: /usr/lib/x86_64-linux-gnu/libusb-1.0.so  
[1.294s] -- Found OpenNI: /usr/lib/libOpenNI.so;libusb::libusb (found version "1.5.4.0") 
[1.294s] -- OpenNI found (version: 1.5.4.0, include: /usr/include/ni, lib: /usr/lib/libOpenNI.so;libusb::libusb)
[1.331s] -- Found OpenNI2: /usr/lib/x86_64-linux-gnu/libOpenNI2.so;libusb::libusb (found version "2.2.0.33") 
[1.331s] -- OpenNI2 found (version: 2.2.0.33, include: /usr/include/openni2, lib: /usr/lib/x86_64-linux-gnu/libOpenNI2.so;libusb::libusb)
[1.333s] -- Could NOT find Pcap (missing: PCAP_LIBRARIES PCAP_INCLUDE_DIRS) 
[1.333s] [0m** WARNING ** io features related to pcap will be disabled[0m
[1.341s] -- Found ZLIB: /usr/lib/x86_64-linux-gnu/libz.so (found version "1.2.11") 
[1.358s] -- Found PNG: /usr/lib/x86_64-linux-gnu/libpng.so (found version "1.6.37") 
[1.395s] -- Found GLEW: /usr/lib/x86_64-linux-gnu/libGLEW.so  
[1.401s] -- Found OpenGL: /usr/lib/x86_64-linux-gnu/libOpenGL.so  found components: OpenGL GLX 
[1.520s] -- Found MPI_C: /usr/lib/x86_64-linux-gnu/libmpi.so (found version "3.1") 
[1.520s] -- Found MPI: TRUE (found version "3.1") found components: C 
[1.522s] -- Found JsonCpp: /usr/lib/x86_64-linux-gnu/libjsoncpp.so (found suitable version "1.9.5", minimum required is "0.7.0") 
[1.559s] -- Found Eigen3: /usr/include/eigen3 (found version "3.4.0") 
[1.639s] -- Found X11: /usr/include   
[1.639s] -- Looking for XOpenDisplay in /usr/lib/x86_64-linux-gnu/libX11.so;/usr/lib/x86_64-linux-gnu/libXext.so
[1.706s] -- Looking for XOpenDisplay in /usr/lib/x86_64-linux-gnu/libX11.so;/usr/lib/x86_64-linux-gnu/libXext.so - found
[1.706s] -- Looking for gethostbyname
[1.762s] -- Looking for gethostbyname - found
[1.762s] -- Looking for connect
[1.824s] -- Looking for connect - found
[1.824s] -- Looking for remove
[1.881s] -- Looking for remove - found
[1.881s] -- Looking for shmat
[1.943s] -- Looking for shmat - found
[1.943s] -- Looking for IceConnectionNumber in ICE
[2.002s] -- Looking for IceConnectionNumber in ICE - found
[2.074s] -- Found EXPAT: /usr/lib/x86_64-linux-gnu/libexpat.so (found version "2.4.7") 
[2.076s] -- Found double-conversion: /usr/lib/x86_64-linux-gnu/libdouble-conversion.so  
[2.078s] -- Found LZ4: /usr/lib/x86_64-linux-gnu/liblz4.so (found version "1.9.3") 
[2.080s] -- Found LZMA: /usr/lib/x86_64-linux-gnu/liblzma.so (found version "5.2.5") 
[2.091s] -- Found JPEG: /usr/lib/x86_64-linux-gnu/libjpeg.so (found version "80") 
[2.097s] -- Found TIFF: /usr/lib/x86_64-linux-gnu/libtiff.so (found version "4.3.0")  
[2.101s] -- Found Freetype: /usr/lib/x86_64-linux-gnu/libfreetype.so (found version "2.11.1") 
[2.107s] -- Found utf8cpp: /usr/include/utf8cpp  
[2.145s] -- OpenNI found (version: 1.5.4.0, include: /usr/include/ni, lib: /usr/lib/libOpenNI.so;libusb::libusb)
[2.150s] -- OpenNI2 found (version: 2.2.0.33, include: /usr/include/openni2, lib: /usr/lib/x86_64-linux-gnu/libOpenNI2.so;libusb::libusb)
[2.387s] -- Found Qhull version 8.0.2
[2.648s] -- looking for PCL_COMMON
[2.648s] -- Found PCL_COMMON: /usr/local/lib/libpcl_common.so  
[2.649s] -- looking for PCL_KDTREE
[2.649s] -- Found PCL_KDTREE: /usr/local/lib/libpcl_kdtree.so  
[2.649s] -- looking for PCL_OCTREE
[2.649s] -- Found PCL_OCTREE: /usr/local/lib/libpcl_octree.so  
[2.650s] -- looking for PCL_SEARCH
[2.650s] -- Found PCL_SEARCH: /usr/local/lib/libpcl_search.so  
[2.650s] -- looking for PCL_SAMPLE_CONSENSUS
[2.650s] -- Found PCL_SAMPLE_CONSENSUS: /usr/local/lib/libpcl_sample_consensus.so  
[2.650s] -- looking for PCL_FILTERS
[2.651s] -- Found PCL_FILTERS: /usr/local/lib/libpcl_filters.so  
[2.651s] -- looking for PCL_2D
[2.651s] -- Found PCL_2D: /usr/local/include/pcl-1.14  
[2.651s] -- looking for PCL_GEOMETRY
[2.652s] -- Found PCL_GEOMETRY: /usr/local/include/pcl-1.14  
[2.652s] -- looking for PCL_IO
[2.652s] -- Found PCL_IO: /usr/local/lib/libpcl_io.so  
[2.652s] -- looking for PCL_FEATURES
[2.652s] -- Found PCL_FEATURES: /usr/local/lib/libpcl_features.so  
[2.653s] -- looking for PCL_ML
[2.653s] -- Found PCL_ML: /usr/local/lib/libpcl_ml.so  
[2.653s] -- looking for PCL_SEGMENTATION
[2.653s] -- Found PCL_SEGMENTATION: /usr/local/lib/libpcl_segmentation.so  
[2.654s] -- looking for PCL_VISUALIZATION
[2.654s] -- Found PCL_VISUALIZATION: /usr/local/lib/libpcl_visualization.so  
[2.654s] -- looking for PCL_SURFACE
[2.654s] -- Found PCL_SURFACE: /usr/local/lib/libpcl_surface.so  
[2.655s] -- looking for PCL_REGISTRATION
[2.655s] -- Found PCL_REGISTRATION: /usr/local/lib/libpcl_registration.so  
[2.655s] -- looking for PCL_KEYPOINTS
[2.656s] -- Found PCL_KEYPOINTS: /usr/local/lib/libpcl_keypoints.so  
[2.656s] -- looking for PCL_TRACKING
[2.656s] -- Found PCL_TRACKING: /usr/local/lib/libpcl_tracking.so  
[2.656s] -- looking for PCL_RECOGNITION
[2.657s] -- Found PCL_RECOGNITION: /usr/local/lib/libpcl_recognition.so  
[2.657s] -- looking for PCL_STEREO
[2.657s] -- Found PCL_STEREO: /usr/local/lib/libpcl_stereo.so  
[2.658s] -- looking for PCL_OUTOFCORE
[2.658s] -- Found PCL_OUTOFCORE: /usr/local/lib/libpcl_outofcore.so  
[2.658s] -- looking for PCL_PEOPLE
[2.659s] -- Found PCL_PEOPLE: /usr/local/lib/libpcl_people.so  
[2.659s] -- Found PCL: pcl_common;pcl_kdtree;pcl_octree;pcl_search;pcl_sample_consensus;pcl_filters;pcl_io;pcl_features;pcl_ml;pcl_segmentation;pcl_visualization;pcl_surface;pcl_registration;pcl_keypoints;pcl_tracking;pcl_recognition;pcl_stereo;pcl_outofcore;pcl_people;Boost::system;Boost::iostreams;Boost::filesystem;Boost::serialization;/usr/lib/libOpenNI.so;libusb::libusb;/usr/lib/x86_64-linux-gnu/libOpenNI2.so;libusb::libusb;VTK::ChartsCore;VTK::CommonColor;VTK::CommonComputationalGeometry;VTK::CommonCore;VTK::CommonDataModel;VTK::CommonExecutionModel;VTK::CommonMath;VTK::CommonMisc;VTK::CommonTransforms;VTK::FiltersCore;VTK::FiltersExtraction;VTK::FiltersGeneral;VTK::FiltersGeometry;VTK::FiltersModeling;VTK::FiltersSources;VTK::ImagingCore;VTK::ImagingSources;VTK::InteractionImage;VTK::InteractionStyle;VTK::InteractionWidgets;VTK::IOCore;VTK::IOGeometry;VTK::IOImage;VTK::IOLegacy;VTK::IOPLY;VTK::RenderingAnnotation;VTK::RenderingCore;VTK::RenderingContext2D;VTK::RenderingLOD;VTK::RenderingFreeType;VTK::ViewsCore;VTK::ViewsContext2D;VTK::RenderingOpenGL2;VTK::RenderingContextOpenGL2;VTK::GUISupportQt;FLANN::FLANN;QHULL::QHULL (Required is at least version "1.14") 
[2.660s] -- Found pcl_conversions: 2.4.5 (/opt/ros/humble/share/pcl_conversions/cmake)
[2.694s] -- Found ament_lint_auto: 0.12.11 (/opt/ros/humble/share/ament_lint_auto/cmake)
[2.763s] -- Added test 'cppcheck' to perform static code analysis on C / C++ code
[2.763s] -- Configured cppcheck include dirs: 
[2.763s] -- Configured cppcheck exclude dirs and/or files: 
[2.764s] -- Added test 'lint_cmake' to check CMake code style
[2.765s] -- Added test 'uncrustify' to check C / C++ code style
[2.765s] -- Configured uncrustify additional arguments: 
[2.765s] -- Added test 'xmllint' to check XML markup files
[2.766s] -- Configuring done
[2.791s] -- Generating done
[2.799s] -- Build files have been written to: /home/airlab/OCP/build/path_planner
[2.817s] Invoked command in '/home/airlab/OCP/build/path_planner' returned '0': CMAKE_PREFIX_PATH=/opt/ros/humble /usr/bin/cmake /home/airlab/OCP/src/path_planner -DCMAKE_INSTALL_PREFIX=/home/airlab/OCP/install/path_planner
[2.819s] Invoking command in '/home/airlab/OCP/build/path_planner': CMAKE_PREFIX_PATH=/opt/ros/humble /usr/bin/cmake --build /home/airlab/OCP/build/path_planner -- -j8 -l8
[2.862s] [ 50%] [32mBuilding CXX object CMakeFiles/planner.dir/src/planner.cpp.o[0m
[14.478s] [100%] [32m[1mLinking CXX executable planner[0m
[16.118s] [100%] Built target planner
[16.127s] Invoked command in '/home/airlab/OCP/build/path_planner' returned '0': CMAKE_PREFIX_PATH=/opt/ros/humble /usr/bin/cmake --build /home/airlab/OCP/build/path_planner -- -j8 -l8
[16.136s] Invoking command in '/home/airlab/OCP/build/path_planner': CMAKE_PREFIX_PATH=/opt/ros/humble /usr/bin/cmake --install /home/airlab/OCP/build/path_planner
[16.142s] -- Install configuration: ""
[16.142s] -- Installing: /home/airlab/OCP/install/path_planner/lib/path_planner/planner
[16.144s] -- Set runtime path of "/home/airlab/OCP/install/path_planner/lib/path_planner/planner" to ""
[16.145s] -- Installing: /home/airlab/OCP/install/path_planner/share/ament_index/resource_index/package_run_dependencies/path_planner
[16.145s] -- Installing: /home/airlab/OCP/install/path_planner/share/ament_index/resource_index/parent_prefix_path/path_planner
[16.145s] -- Installing: /home/airlab/OCP/install/path_planner/share/path_planner/environment/ament_prefix_path.sh
[16.145s] -- Installing: /home/airlab/OCP/install/path_planner/share/path_planner/environment/ament_prefix_path.dsv
[16.145s] -- Installing: /home/airlab/OCP/install/path_planner/share/path_planner/environment/path.sh
[16.145s] -- Installing: /home/airlab/OCP/install/path_planner/share/path_planner/environment/path.dsv
[16.145s] -- Installing: /home/airlab/OCP/install/path_planner/share/path_planner/local_setup.bash
[16.145s] -- Installing: /home/airlab/OCP/install/path_planner/share/path_planner/local_setup.sh
[16.146s] -- Installing: /home/airlab/OCP/install/path_planner/share/path_planner/local_setup.zsh
[16.146s] -- Installing: /home/airlab/OCP/install/path_planner/share/path_planner/local_setup.dsv
[16.146s] -- Installing: /home/airlab/OCP/install/path_planner/share/path_planner/package.dsv
[16.146s] -- Installing: /home/airlab/OCP/install/path_planner/share/ament_index/resource_index/packages/path_planner
[16.146s] -- Installing: /home/airlab/OCP/install/path_planner/share/path_planner/cmake/path_plannerConfig.cmake
[16.146s] -- Installing: /home/airlab/OCP/install/path_planner/share/path_planner/cmake/path_plannerConfig-version.cmake
[16.146s] -- Installing: /home/airlab/OCP/install/path_planner/share/path_planner/package.xml
[16.148s] Invoked command in '/home/airlab/OCP/build/path_planner' returned '0': CMAKE_PREFIX_PATH=/opt/ros/humble /usr/bin/cmake --install /home/airlab/OCP/build/path_planner
